Sat Feb 04 15:11:11 2023 UTC - Module file name: C:\Program Files (x86)\Steam\gameoverlayrenderer64.dll
Sat Feb 04 15:11:11 2023 UTC - GameID = 18439729266867306496, OverlayGameID = 18439729266867306496
Sat Feb 04 15:11:11 2023 UTC - System page size: 4096
Sat Feb 04 15:11:11 2023 UTC - Failed loading shell32.dll, not hooking ShellExecute calls
Sat Feb 04 15:11:11 2023 UTC - Hooking SetCursorPos, GetCursorPos, ShowCursor, SetCursor, and GetCursor
Sat Feb 04 15:11:11 2023 UTC - Modules at GameOverlayRenderer.dll attach
Sat Feb 04 15:11:11 2023 UTC - 01: git.exe - (00007FF653660000 to 00007FF653A7A000)
Sat Feb 04 15:11:11 2023 UTC - 02: ntdll.dll - (00007FFD9A970000 to 00007FFD9AB68000)
Sat Feb 04 15:11:11 2023 UTC - 03: aswhook.dll - (00007FFD939F0000 to 00007FFD93A07000)
Sat Feb 04 15:11:11 2023 UTC - 04: KERNEL32.DLL - (00007FFD99050000 to 00007FFD9910F000)
Sat Feb 04 15:11:11 2023 UTC - 05: KERNELBASE.dll - (00007FFD98060000 to 00007FFD98332000)
Sat Feb 04 15:11:11 2023 UTC - 06: ADVAPI32.dll - (00007FFD9A4E0000 to 00007FFD9A58E000)
Sat Feb 04 15:11:11 2023 UTC - 07: msvcrt.dll - (00007FFD99860000 to 00007FFD998FE000)
Sat Feb 04 15:11:11 2023 UTC - 08: sechost.dll - (00007FFD98C00000 to 00007FFD98C9C000)
Sat Feb 04 15:11:11 2023 UTC - 09: RPCRT4.dll - (00007FFD9A3B0000 to 00007FFD9A4D5000)
Sat Feb 04 15:11:11 2023 UTC - 10: USER32.dll - (00007FFD9A720000 to 00007FFD9A8C1000)
Sat Feb 04 15:11:11 2023 UTC - 11: win32u.dll - (00007FFD98340000 to 00007FFD98362000)
Sat Feb 04 15:11:11 2023 UTC - 12: GDI32.dll - (00007FFD9A6B0000 to 00007FFD9A6DB000)
Sat Feb 04 15:11:11 2023 UTC - 13: gdi32full.dll - (00007FFD988A0000 to 00007FFD989AF000)
Sat Feb 04 15:11:11 2023 UTC - 14: msvcp_win.dll - (00007FFD98800000 to 00007FFD9889D000)
Sat Feb 04 15:11:11 2023 UTC - 15: ucrtbase.dll - (00007FFD985A0000 to 00007FFD986A0000)
Sat Feb 04 15:11:11 2023 UTC - 16: WS2_32.dll - (00007FFD98B90000 to 00007FFD98BFB000)
Sat Feb 04 15:11:11 2023 UTC - 17: libintl-8.dll - (00007FFD91080000 to 00007FFD910A8000)
Sat Feb 04 15:11:11 2023 UTC - 18: libiconv-2.dll - (00007FFD5EE10000 to 00007FFD5EF29000)
Sat Feb 04 15:11:11 2023 UTC - 19: libpcre2-8-0.dll - (00007FFD5FD00000 to 00007FFD5FDA4000)
Sat Feb 04 15:11:11 2023 UTC - 20: libwinpthread-1.dll - (00007FFD90070000 to 00007FFD90086000)
Sat Feb 04 15:11:11 2023 UTC - 21: zlib1.dll - (00007FFD8FE50000 to 00007FFD8FE74000)
Sat Feb 04 15:11:11 2023 UTC - 22: CRYPTBASE.DLL - (00007FFD97950000 to 00007FFD9795C000)
Sat Feb 04 15:11:11 2023 UTC - 23: bcryptPrimitives.dll - (00007FFD984E0000 to 00007FFD98562000)
Sat Feb 04 15:11:11 2023 UTC - 24: IMM32.DLL - (00007FFD9A6E0000 to 00007FFD9A712000)
Sat Feb 04 15:11:Sat Feb 04 15:11:11 2023 UTC - GameOverlayRenderer.dll detaching
 00007FFD79B48000)
Sat Feb 04 15:11:11 2023 UTC - 26: ole32.dll - (00007FFD989B0000 to 00007FFD98ADA000)
Sat Feb 04 15:11:11 2023 UTC - 27: combase.dll - (00007FFD99F10000 to 00007FFD9A265000)
Sat Feb 04 15:11:11 2023 UTC - 28: OLEAUT32.dll - (00007FFD999C0000 to 00007FFD99A8D000)
Sat Feb 04 15:11:11 2023 UTC - 29: PSAPI.DLL - (00007FFD98AE0000 to 00007FFD98AE8000)
Sat Feb 04 15:11:11 2023 UTC - 30: WINMM.dll - (00007FFD8ED10000 to 00007FFD8ED37000)
Sat Feb 04 15:11:11 2023 UTC - ----------------------------
Sat Feb 04 15:11:11 2023 UTC - GameOverlayRenderer.dll detaching
